2025-06-10 11:04:32-AritAhPP-DEBUG-addition of 10 and 15 is,25
2025-06-10 11:04:32-AritAhPP-DEBUG-sustraction of 2 and 10 is,-8
2025-06-10 11:04:32-AritAhPP-DEBUG-multiplication of 4 and 5 is,20
2025-06-10 11:04:32-AritAhPP-ERROR-division by zero error
2025-06-10 11:05:03-AritAhPP-DEBUG-addition of 10 and 15 is,25
2025-06-10 11:05:03-AritAhPP-DEBUG-sustraction of 2 and 10 is,-8
2025-06-10 11:05:03-AritAhPP-DEBUG-multiplication of 4 and 5 is,20
2025-06-10 11:05:03-AritAhPP-DEBUG-division of 3 and 10 is,0.3
2025-06-10 11:13:16-AritAhPP-DEBUG-addition of 10 and 15 is,25
2025-06-10 11:13:16-AritAhPP-DEBUG-sustraction of 2 and 10 is,-8
2025-06-10 11:13:16-AritAhPP-DEBUG-multiplication of 4 and 5 is,20
2025-06-10 11:13:16-AritAhPP-DEBUG-division of 3 and 10 is,0.3
2025-06-10 11:15:04-AritAhPP-DEBUG-addition of 10 and 15 is,25
2025-06-10 11:15:04-AritAhPP-DEBUG-sustraction of 2 and 10 is,-8
2025-06-10 11:15:04-AritAhPP-DEBUG-multiplication of 4 and 5 is,20
2025-06-10 11:15:04-AritAhPP-DEBUG-division of 3 and 10 is,0.3
2025-06-10 11:15:21-AritAhPP-DEBUG-addition of 10 and 15 is,25
2025-06-10 11:15:21-AritAhPP-DEBUG-sustraction of 2 and 10 is,-8
2025-06-10 11:15:21-AritAhPP-DEBUG-multiplication of 4 and 5 is,20
2025-06-10 11:15:21-AritAhPP-DEBUG-division of 3 and 10 is,0.3
